0 info it worked if it ends with ok
1 verbose cli [ 'node', '/usr/local/bin/npm', 'install', 'ng-s3upload' ]
2 info using npm@2.12.1
3 info using node@v0.12.2
4 verbose node symlink /usr/local/bin/node
5 verbose install initial load of /Users/Luke/Desktop/finalProject/spacin_front/package.json
6 verbose installManyTop reading scoped package data from /Users/Luke/Desktop/finalProject/spacin_front/node_modules/angular/package.json
7 verbose installManyTop reading scoped package data from /Users/Luke/Desktop/finalProject/spacin_front/node_modules/angular-route/package.json
8 verbose readDependencies loading dependencies from /Users/Luke/Desktop/finalProject/spacin_front/package.json
9 silly cache add args [ 'ng-s3upload', null ]
10 verbose cache add spec ng-s3upload
11 silly cache add parsed spec { raw: 'ng-s3upload',
11 silly cache add   scope: null,
11 silly cache add   name: 'ng-s3upload',
11 silly cache add   rawSpec: '',
11 silly cache add   spec: '*',
11 silly cache add   type: 'range' }
12 silly addNamed ng-s3upload@*
13 verbose addNamed "*" is a valid semver range for ng-s3upload
14 silly addNameRange { name: 'ng-s3upload', range: '*', hasData: false }
15 silly mapToRegistry name ng-s3upload
16 silly mapToRegistry using default registry
17 silly mapToRegistry registry https://registry.npmjs.org/
18 silly mapToRegistry uri https://registry.npmjs.org/ng-s3upload
19 verbose addNameRange registry:https://registry.npmjs.org/ng-s3upload not in flight; fetching
20 verbose request uri https://registry.npmjs.org/ng-s3upload
21 verbose request no auth needed
22 info attempt registry request try #1 at 15:24:14
23 verbose request id 1debe630ff70ab53
24 http request GET https://registry.npmjs.org/ng-s3upload
25 http 404 https://registry.npmjs.org/ng-s3upload
26 verbose headers { server: 'CouchDB/1.5.0 (Erlang OTP/R16B03)',
26 verbose headers   'content-type': 'application/json',
26 verbose headers   'cache-control': 'max-age=0',
26 verbose headers   'content-length': '51',
26 verbose headers   'accept-ranges': 'bytes',
26 verbose headers   date: 'Wed, 15 Jul 2015 19:24:14 GMT',
26 verbose headers   via: '1.1 varnish',
26 verbose headers   age: '0',
26 verbose headers   connection: 'keep-alive',
26 verbose headers   'x-served-by': 'cache-jfk1034-JFK',
26 verbose headers   'x-cache': 'MISS',
26 verbose headers   'x-cache-hits': '0',
26 verbose headers   'x-timer': 'S1436988254.892837,VS0,VE94' }
27 silly get cb [ 404,
27 silly get   { server: 'CouchDB/1.5.0 (Erlang OTP/R16B03)',
27 silly get     'content-type': 'application/json',
27 silly get     'cache-control': 'max-age=0',
27 silly get     'content-length': '51',
27 silly get     'accept-ranges': 'bytes',
27 silly get     date: 'Wed, 15 Jul 2015 19:24:14 GMT',
27 silly get     via: '1.1 varnish',
27 silly get     age: '0',
27 silly get     connection: 'keep-alive',
27 silly get     'x-served-by': 'cache-jfk1034-JFK',
27 silly get     'x-cache': 'MISS',
27 silly get     'x-cache-hits': '0',
27 silly get     'x-timer': 'S1436988254.892837,VS0,VE94' } ]
28 verbose stack Error: 404 Not Found: ng-s3upload
28 verbose stack     at CachingRegistryClient.<anonymous> (/usr/local/lib/node_modules/npm/node_modules/npm-registry-client/lib/request.js:245:14)
28 verbose stack     at Request._callback (/usr/local/lib/node_modules/npm/node_modules/npm-registry-client/lib/request.js:170:14)
28 verbose stack     at Request.self.callback (/usr/local/lib/node_modules/npm/node_modules/request/request.js:197:22)
28 verbose stack     at Request.emit (events.js:110:17)
28 verbose stack     at Request.<anonymous> (/usr/local/lib/node_modules/npm/node_modules/request/request.js:1050:14)
28 verbose stack     at Request.emit (events.js:129:20)
28 verbose stack     at IncomingMessage.<anonymous> (/usr/local/lib/node_modules/npm/node_modules/request/request.js:996:12)
28 verbose stack     at IncomingMessage.emit (events.js:129:20)
28 verbose stack     at _stream_readable.js:908:16
28 verbose stack     at process._tickCallback (node.js:355:11)
29 verbose statusCode 404
30 verbose pkgid ng-s3upload
31 verbose cwd /Users/Luke/Desktop/finalProject/spacin_front
32 error Darwin 14.1.0
33 error argv "node" "/usr/local/bin/npm" "install" "ng-s3upload"
34 error node v0.12.2
35 error npm  v2.12.1
36 error code E404
37 error 404 Not Found: ng-s3upload
37 error 404
37 error 404 'ng-s3upload' is not in the npm registry.
37 error 404 You should bug the author to publish it (or use the name yourself!)
37 error 404 It was specified as a dependency of 'spacin_front'
37 error 404
37 error 404 Note that you can also install from a
37 error 404 tarball, folder, http url, or git url.
38 verbose exit [ 1, true ]
